VPR FPGA Placement and Routing.
Version: 8.1.0-dev+dadca7ecf
Revision: v8.0.0-rc2-2894-gdadca7ecf
Compiled: 2020-10-14T15:08:54
Compiler: GNU 7.3.0 on Linux-4.15.0-1028-gcp x86_64
Build Info: Release IPO VTR_ASSERT_LEVEL=2

University of Toronto
verilogtorouting.org
vtr-users@googlegroups.com
This is free open source code under MIT license.

VPR was run with the following command-line:
vpr /home/kshitij/qorc/qorc-sdk/fpga_toolchain_install/v1.3.1/quicklogic-arch-defs/share/arch/ql-eos-s3_wlcsp/arch.timing.xml AL4S3B_FPGA_Top.eblif --device ql-eos-s3 --max_router_iterations 500 --routing_failure_predictor off --router_high_fanout_threshold -1 --constant_net_method route --route_chan_width 100 --clock_modeling route --place_delay_model delta_override --router_lookahead map --check_route quick --strict_checks off --allow_dangling_combinational_nodes on --disable_errors check_unbuffered_edges:check_route --congested_routing_iteration_threshold 0.8 --incremental_reroute_delay_ripup off --base_cost_type delay_normalized_length_bounded --bb_factor 10 --initial_pres_fac 4.0 --check_rr_graph off --suppress_warnings ,sum_pin_class:check_unbuffered_edges:load_rr_indexed_data_T_values:check_rr_node:trans_per_R:check_route:set_rr_graph_tool_comment:warn_model_missing_timing --read_rr_graph /home/kshitij/qorc/qorc-sdk/fpga_toolchain_install/v1.3.1/quicklogic-arch-defs/share/arch/ql-eos-s3_wlcsp/rr_graph_ql-eos-s3_wlcsp.rr_graph.real.bin --read_placement_delay_lookup /home/kshitij/qorc/qorc-sdk/fpga_toolchain_install/v1.3.1/quicklogic-arch-defs/share/arch/ql-eos-s3_wlcsp/rr_graph_ql-eos-s3_wlcsp.place_delay.bin --sdc_file /home/kshitij/qorc/qorc-sdk/qorc-onion-apps/esp32-eoss3-pwm/fpga/rtl/build/AL4S3B_FPGA_Top_dummy.sdc --pack

Using up to 1 parallel worker(s)

Architecture file: /home/kshitij/qorc/qorc-sdk/fpga_toolchain_install/v1.3.1/quicklogic-arch-defs/share/arch/ql-eos-s3_wlcsp/arch.timing.xml
Circuit name: AL4S3B_FPGA_Top

# Loading Architecture Description
# Loading Architecture Description took 0.44 seconds (max_rss 30.7 MiB, delta_rss +24.8 MiB)
# Building complex block graph
# Building complex block graph took 0.09 seconds (max_rss 39.5 MiB, delta_rss +8.7 MiB)
# Load circuit
# Load circuit took 0.09 seconds (max_rss 55.6 MiB, delta_rss +16.1 MiB)
# Clean circuit
Absorbed 6139 LUT buffers
Inferred  106 additional primitive pins as constant generators since they have no combinationally connected inputs
Inferred   86 additional primitive pins as constant generators due to constant inputs
Inferred    0 additional primitive pins as constant generators since they have no combinationally connected inputs
Inferred    0 additional primitive pins as constant generators due to constant inputs
Inferred    0 additional primitive pins as constant generators since they have no combinationally connected inputs
Inferred    0 additional primitive pins as constant generators due to constant inputs
Swept input(s)      : 0
Swept output(s)     : 0 (0 dangling, 0 constant)
Swept net(s)        : 117
Swept block(s)      : 1
Constant Pins Marked: 192
# Clean circuit took 0.20 seconds (max_rss 122.6 MiB, delta_rss +67.0 MiB)
# Compress circuit
# Compress circuit took 0.01 seconds (max_rss 122.9 MiB, delta_rss +0.3 MiB)
# Verify circuit
# Verify circuit took 0.00 seconds (max_rss 122.9 MiB, delta_rss +0.0 MiB)
Circuit Statistics:
  Blocks: 1021
    .input    :      32
    .output   :      32
    ASSP      :       1
    BIDIR_CELL:      32
    C_FRAG    :      64
    F_FRAG    :     129
    GMUX_IC   :       2
    GND       :       1
    Q_FRAG    :     228
    T_FRAG    :     499
    VCC       :       1
  Nets  : 1045
    Avg Fanout:     6.3
    Max Fanout:  2092.0
    Min Fanout:     1.0
Warning 1: Assuming clocks may propagate through u_gclkbuff_clock (GMUX_IC) from pin u_gclkbuff_clock.IC[0] to u_gclkbuff_clock.IZ[0] (assuming a non-inverting buffer).
Warning 2: Assumed 1 netlist logic connections may be clock buffers. To override this behaviour explicitly create clocks at the appropriate netlist pins.
  Netlist Clocks: 1
# Build Timing Graph
Warning 3: Assuming clocks may propagate through u_gclkbuff_clock (GMUX_IC) from pin u_gclkbuff_clock.IC[0] to u_gclkbuff_clock.IZ[0] (assuming a non-inverting buffer).
Warning 4: Assumed 1 netlist logic connections may be clock buffers. To override this behaviour explicitly create clocks at the appropriate netlist pins.
Adding edge from 'u_gclkbuff_clock.IC[0]' (tnode: 7455) -> 'u_gclkbuff_clock.IZ[0]' (tnode: 7456) to allow clocks to propagate
Adding edge from 'u_gclkbuff_reset.IC[0]' (tnode: 7458) -> 'u_gclkbuff_reset.IZ[0]' (tnode: 7459) to allow clocks to propagate
  Timing Graph Nodes: 7678
  Timing Graph Edges: 12553
  Timing Graph Levels: 22
# Build Timing Graph took 0.01 seconds (max_rss 122.9 MiB, delta_rss +0.0 MiB)
Warning 5: Assuming clocks may propagate through u_gclkbuff_clock (GMUX_IC) from pin u_gclkbuff_clock.IC[0] to u_gclkbuff_clock.IZ[0] (assuming a non-inverting buffer).
Warning 6: Assumed 1 netlist logic connections may be clock buffers. To override this behaviour explicitly create clocks at the appropriate netlist pins.
Netlist contains 1 clocks
  Netlist Clock 'u_AL4S3B_FPGA_IP.CLK_IP_i' Fanout: 127 pins (1.7%), 127 blocks (12.4%)
# Load Timing Constraints
Warning 7: Assuming clocks may propagate through u_gclkbuff_clock (GMUX_IC) from pin u_gclkbuff_clock.IC[0] to u_gclkbuff_clock.IZ[0] (assuming a non-inverting buffer).
Warning 8: Assumed 1 netlist logic connections may be clock buffers. To override this behaviour explicitly create clocks at the appropriate netlist pins.

SDC file '/home/kshitij/qorc/qorc-sdk/qorc-onion-apps/esp32-eoss3-pwm/fpga/rtl/build/AL4S3B_FPGA_Top_dummy.sdc' contained no SDC commands
Warning 9: Assuming clocks may propagate through u_gclkbuff_clock (GMUX_IC) from pin u_gclkbuff_clock.IC[0] to u_gclkbuff_clock.IZ[0] (assuming a non-inverting buffer).
Warning 10: Assumed 1 netlist logic connections may be clock buffers. To override this behaviour explicitly create clocks at the appropriate netlist pins.
Setting default timing constraints:
   * constrain all primay inputs and primary outputs on netlist clock 'u_AL4S3B_FPGA_IP.CLK_IP_i'
   * optimize netlist clock to run as fast as possible
Timing constraints created 1 clocks
  Constrained Clock 'u_AL4S3B_FPGA_IP.CLK_IP_i' Source: 'u_qlal4s3b_cell_macro.Sys_Clk0[0]'

# Load Timing Constraints took 0.00 seconds (max_rss 122.9 MiB, delta_rss +0.0 MiB)
Timing analysis: ON
Circuit netlist file: AL4S3B_FPGA_Top.net
Circuit placement file: AL4S3B_FPGA_Top.place
Circuit routing file: AL4S3B_FPGA_Top.route
Circuit SDC file: /home/kshitij/qorc/qorc-sdk/qorc-onion-apps/esp32-eoss3-pwm/fpga/rtl/build/AL4S3B_FPGA_Top_dummy.sdc

Packer: ENABLED
Placer: DISABLED
Router: DISABLED
Analysis: DISABLED

NetlistOpts.abosrb_buffer_luts            : true
NetlistOpts.sweep_dangling_primary_ios    : true
NetlistOpts.sweep_dangling_nets           : true
NetlistOpts.sweep_dangling_blocks         : true
NetlistOpts.sweep_constant_primary_outputs: false
NetlistOpts.netlist_verbosity             : 1
NetlistOpts.const_gen_inference           : COMB_SEQ

PackerOpts.allow_unrelated_clustering: auto
PackerOpts.alpha_clustering: 0.750000
PackerOpts.beta_clustering: 0.900000
PackerOpts.cluster_seed_type: BLEND2
PackerOpts.connection_driven: true
PackerOpts.global_clocks: true
PackerOpts.hill_climbing_flag: false
PackerOpts.inter_cluster_net_delay: 1.000000
PackerOpts.timing_driven: true
PackerOpts.target_external_pin_util: auto

RoutingArch.directionality: BI_DIRECTIONAL
RoutingArch.switch_block_type: WILTON
RoutingArch.Fs: 3

# Packing
Begin packing 'AL4S3B_FPGA_Top.eblif'.
Warning 11: All 4 clocks will be treated as global.

After removing unused inputs...
	total blocks: 1021, total nets: 1045, total inputs: 32, total outputs: 32
Begin prepacking.
Finish prepacking.
Using inter-cluster delay: 1.2e-14
Warning 12: Unable to determine most common block type (perhaps the device grid was empty?)
Warning 13: Unable to infer which block type is a logic block
Warning 14: Unable to identify logic block type to apply default pin utilization targets to; this may result in denser packing than desired
Warning 15: Unable to determine most common block type (perhaps the device grid was empty?)
Warning 16: Unable to infer which block type is a logic block
Warning 17: Unable to identify logic block type to apply default packer high fanout thresholds; this may result in denser packing than desired
Packing with pin utilization targets: TL-LOGIC:1,1 TL-RAM:1,1 TL-MULT:1,1 TL-BIDIR:1,1 TL-CLOCK:1,1 TL-SDIOMUX:1,1 TL-GMUX:1,1 TL-ASSP:1,1 TL-SYN_VCC:1,1 TL-SYN_GND:1,1
Packing with high fanout thresholds: TL-LOGIC:128 TL-RAM:128 TL-MULT:128 TL-BIDIR:128 TL-CLOCK:128 TL-SDIOMUX:128 TL-GMUX:128 TL-ASSP:128 TL-SYN_VCC:128 TL-SYN_GND:128
Not enough resources expand FPGA size to (39 x 35)
Complex block 0: 'u_qlal4s3b_cell_macro' (PB-ASSP) .
Complex block 1: '$iopadmap$AL4S3B_FPGA_Top.io_pad[18]' (PB-BIDIR) .
Complex block 2: '$iopadmap$AL4S3B_FPGA_Top.io_pad[21]' (PB-BIDIR) .
Complex block 3: '$iopadmap$AL4S3B_FPGA_Top.io_pad[22]' (PB-BIDIR) .
Complex block 4: 'u_AL4S3B_FPGA_IP.u_AL4S3B_FPGA_ONION_BREATHECTRL.b_ONION_BREATHE.next_ctr_dffc_Q_D_LUT4_O.c_frag' (PB-LOGIC) ..
Complex block 5: 'u_AL4S3B_FPGA_IP.u_AL4S3B_FPGA_ONION_BREATHECTRL.b_ONION_BREATHE.next_ctr_dffc_Q_3_D_LUT4_O.c_frag' (PB-LOGIC) ..
Complex block 6: 'u_AL4S3B_FPGA_IP.u_AL4S3B_FPGA_ONION_BREATHECTRL.g_ONION_BREATHE.next_ctr_dffc_Q_D_LUT4_O.c_frag' (PB-LOGIC) ..
Complex block 7: 'u_AL4S3B_FPGA_IP.u_AL4S3B_FPGA_ONION_BREATHECTRL.g_ONION_BREATHE.next_ctr_dffc_Q_3_D_LUT4_O.c_frag' (PB-LOGIC) ..
Complex block 8: 'u_AL4S3B_FPGA_IP.u_AL4S3B_FPGA_ONION_BREATHECTRL.r_ONION_BREATHE.next_ctr_dffc_Q_D_LUT4_O.c_frag' (PB-LOGIC) ..
Complex block 9: 'u_AL4S3B_FPGA_IP.u_AL4S3B_FPGA_ONION_BREATHECTRL.r_ONION_BREATHE.next_ctr_dffc_Q_3_D_LUT4_O.c_frag' (PB-LOGIC) ..
Complex block 10: 'u_AL4S3B_FPGA_IP.u_AL4S3B_FPGA_ONION_BREATHECTRL.r_ONION_BREATHE.inhale_LUT4_I0.c_frag' (PB-LOGIC) ..
Complex block 11: 'u_AL4S3B_FPGA_IP.u_AL4S3B_FPGA_ONION_BREATHECTRL.b_ONION_BREATHE.duty_cycle_dffc_Q_5_D_LUT2_O.t_frag' (PB-LOGIC) ...
Complex block 12: 'u_AL4S3B_FPGA_IP.u_AL4S3B_FPGA_ONION_BREATHECTRL.b_ONION_BREATHE.inhale_LUT2_I0.t_frag' (PB-LOGIC) ...
Complex block 13: 'u_AL4S3B_FPGA_IP.u_AL4S3B_FPGA_ONION_BREATHECTRL.g_ONION_BREATHE.duty_cycle_dffc_Q_D_LUT2_O.t_frag' (PB-LOGIC) ...
Complex block 14: 'u_AL4S3B_FPGA_IP.u_AL4S3B_FPGA_ONION_BREATHECTRL.g_ONION_BREATHE.duty_cycle_dffc_Q_5_D_LUT2_O.t_frag' (PB-LOGIC) ...
Complex block 15: 'u_AL4S3B_FPGA_IP.u_AL4S3B_FPGA_ONION_BREATHECTRL.b_ONION_BREATHE.duty_cycle_dffc_Q_3_D_LUT3_O.t_frag' (PB-LOGIC) ...
Complex block 16: 'u_AL4S3B_FPGA_IP.u_AL4S3B_FPGA_ONION_BREATHECTRL.b_ONION_BREATHE.duty_cycle_dffc_Q_4_D_LUT3_O.t_frag' (PB-LOGIC) ...
Complex block 17: 'u_AL4S3B_FPGA_IP.u_AL4S3B_FPGA_ONION_BREATHECTRL.g_ONION_BREATHE.duty_cycle_dffc_Q_3_D_LUT3_O.t_frag' (PB-LOGIC) ...
Complex block 18: 'u_AL4S3B_FPGA_IP.u_AL4S3B_FPGA_ONION_BREATHECTRL.g_ONION_BREATHE.duty_cycle_dffc_Q_4_D_LUT3_O.t_frag' (PB-LOGIC) ...
Complex block 19: 'u_AL4S3B_FPGA_IP.u_AL4S3B_FPGA_ONION_BREATHECTRL.g_ONION_BREATHE.inhale_LUT3_I0_1.t_frag' (PB-LOGIC) ...
Complex block 20: 'u_AL4S3B_FPGA_IP.u_AL4S3B_FPGA_ONION_BREATHECTRL.b_ONION_BREATHE.duty_cycle_dffc_Q_1_D_LUT2_O.t_frag' (PB-LOGIC) ...
Complex block 21: 'u_AL4S3B_FPGA_IP.u_AL4S3B_FPGA_ONION_BREATHECTRL.b_ONION_BREATHE.duty_cycle_dffc_Q_6_D_LUT2_O.t_frag' (PB-LOGIC) ...
Complex block 22: 'u_AL4S3B_FPGA_IP.u_AL4S3B_FPGA_ONION_BREATHECTRL.g_ONION_BREATHE.duty_cycle_dffc_Q_1_D_LUT2_O.t_frag' (PB-LOGIC) ...
Complex block 23: 'u_AL4S3B_FPGA_IP.u_AL4S3B_FPGA_ONION_BREATHECTRL.g_ONION_BREATHE.duty_cycle_dffc_Q_6_D_LUT2_O.t_frag' (PB-LOGIC) ...
Complex block 24: 'u_AL4S3B_FPGA_IP.u_AL4S3B_FPGA_ONION_BREATHECTRL.r_ONION_BREATHE.duty_cycle_dffc_Q_1_D_LUT2_O.t_frag' (PB-LOGIC) ...
Complex block 25: 'u_AL4S3B_FPGA_IP.u_AL4S3B_FPGA_ONION_BREATHECTRL.r_ONION_BREATHE.duty_cycle_dffc_Q_5_D_LUT2_O.t_frag' (PB-LOGIC) ...
Complex block 26: 'u_AL4S3B_FPGA_IP.u_AL4S3B_FPGA_ONION_BREATHECTRL.b_ONION_BREATHE.duty_cycle_dffc_Q_D_LUT3_O.t_frag' (PB-LOGIC) ...
Complex block 27: 'u_AL4S3B_FPGA_IP.u_AL4S3B_FPGA_ONION_BREATHECTRL.r_ONION_BREATHE.duty_cycle_dffc_Q_D_LUT3_O.t_frag' (PB-LOGIC) ...
Complex block 28: 'u_AL4S3B_FPGA_IP.u_AL4S3B_FPGA_ONION_BREATHECTRL.r_ONION_BREATHE.duty_cycle_dffc_Q_3_D_LUT3_O.t_frag' (PB-LOGIC) ...
Complex block 29: 'u_AL4S3B_FPGA_IP.u_AL4S3B_FPGA_ONION_BREATHECTRL.r_ONION_BREATHE.duty_cycle_dffc_Q_4_D_LUT3_O.t_frag' (PB-LOGIC) ...
Complex block 30: 'u_AL4S3B_FPGA_IP.u_AL4S3B_FPGA_ONION_BREATHECTRL.b_ONION_BREATHE.inhale_LUT3_I0.t_frag' (PB-LOGIC) ...
Complex block 31: 'u_AL4S3B_FPGA_IP.u_AL4S3B_FPGA_ONION_BREATHECTRL.g_ONION_BREATHE.inhale_LUT3_I0.t_frag' (PB-LOGIC) ...
Complex block 32: 'u_AL4S3B_FPGA_IP.u_AL4S3B_FPGA_ONION_BREATHECTRL.b_ONION_BREATHE.next_ctr_dffc_Q_17_D_LUT2_O.t_frag' (PB-LOGIC) ...
Complex block 33: 'u_AL4S3B_FPGA_IP.u_AL4S3B_FPGA_ONION_BREATHECTRL.b_ONION_BREATHE.next_ctr_dffc_Q_21_D_LUT2_O.t_frag' (PB-LOGIC) ...
Complex block 34: 'u_AL4S3B_FPGA_IP.u_AL4S3B_FPGA_ONION_BREATHECTRL.b_ONION_BREATHE.next_ctr_dffc_Q_9_D_LUT2_O.t_frag' (PB-LOGIC) ...
Complex block 35: 'u_AL4S3B_FPGA_IP.u_AL4S3B_FPGA_ONION_BREATHECTRL.g_ONION_BREATHE.next_ctr_dffc_Q_17_D_LUT2_O.t_frag' (PB-LOGIC) ...
Complex block 36: 'u_AL4S3B_FPGA_IP.u_AL4S3B_FPGA_ONION_BREATHECTRL.g_ONION_BREATHE.next_ctr_dffc_Q_21_D_LUT2_O.t_frag' (PB-LOGIC) ...
Complex block 37: 'u_AL4S3B_FPGA_IP.u_AL4S3B_FPGA_ONION_BREATHECTRL.g_ONION_BREATHE.next_ctr_dffc_Q_9_D_LUT2_O.t_frag' (PB-LOGIC) ...
Complex block 38: 'u_AL4S3B_FPGA_IP.u_AL4S3B_FPGA_ONION_BREATHECTRL.b_ONION_BREATHE.duty_cycle_dffc_Q_7_D_LUT2_O.t_frag' (PB-LOGIC) ...
Complex block 39: 'u_AL4S3B_FPGA_IP.u_AL4S3B_FPGA_ONION_BREATHECTRL.b_ONION_BREATHE.next_ctr_dffc_Q_23_D_LUT2_O.t_frag' (PB-LOGIC) ...
Complex block 40: 'u_AL4S3B_FPGA_IP.u_AL4S3B_FPGA_ONION_BREATHECTRL.r_ONION_BREATHE.next_ctr_dffc_Q_17_D_LUT2_O.t_frag' (PB-LOGIC) ...
Complex block 41: 'u_AL4S3B_FPGA_IP.u_AL4S3B_FPGA_ONION_BREATHECTRL.r_ONION_BREATHE.next_ctr_dffc_Q_21_D_LUT2_O.t_frag' (PB-LOGIC) ...
Complex block 42: 'u_AL4S3B_FPGA_IP.u_AL4S3B_FPGA_ONION_BREATHECTRL.r_ONION_BREATHE.next_ctr_dffc_Q_9_D_LUT2_O.t_frag' (PB-LOGIC) ...
Complex block 43: 'u_AL4S3B_FPGA_IP.u_AL4S3B_FPGA_ONION_BREATHECTRL.g_ONION_BREATHE.duty_cycle_dffc_Q_7_D_LUT2_O.t_frag' (PB-LOGIC) ...
Complex block 44: 'u_AL4S3B_FPGA_IP.u_AL4S3B_FPGA_ONION_BREATHECTRL.g_ONION_BREATHE.next_ctr_dffc_Q_23_D_LUT2_O.t_frag' (PB-LOGIC) ...
Complex block 45: 'u_AL4S3B_FPGA_IP.u_AL4S3B_FPGA_ONION_BREATHECTRL.b_ONION_BREATHE.next_ctr_dffc_Q_1_D_LUT3_O.t_frag' (PB-LOGIC) ...
Complex block 46: 'u_AL4S3B_FPGA_IP.u_AL4S3B_FPGA_ONION_BREATHECTRL.b_ONION_BREATHE.next_ctr_dffc_Q_10_D_LUT3_O.t_frag' (PB-LOGIC) ...
Complex block 47: 'u_AL4S3B_FPGA_IP.u_AL4S3B_FPGA_ONION_BREATHECTRL.b_ONION_BREATHE.next_ctr_dffc_Q_11_D_LUT3_O.t_frag' (PB-LOGIC) ...
Complex block 48: 'u_AL4S3B_FPGA_IP.u_AL4S3B_FPGA_ONION_BREATHECTRL.b_ONION_BREATHE.next_ctr_dffc_Q_12_D_LUT3_O.t_frag' (PB-LOGIC) ...
Complex block 49: 'u_AL4S3B_FPGA_IP.u_AL4S3B_FPGA_ONION_BREATHECTRL.b_ONION_BREATHE.next_ctr_dffc_Q_13_D_LUT3_O.t_frag' (PB-LOGIC) ...
Complex block 50: 'u_AL4S3B_FPGA_IP.u_AL4S3B_FPGA_ONION_BREATHECTRL.b_ONION_BREATHE.next_ctr_dffc_Q_14_D_LUT3_O.t_frag' (PB-LOGIC) ...
Complex block 51: 'u_AL4S3B_FPGA_IP.u_AL4S3B_FPGA_ONION_BREATHECTRL.b_ONION_BREATHE.next_ctr_dffc_Q_15_D_LUT3_O.t_frag' (PB-LOGIC) ...
Complex block 52: 'u_AL4S3B_FPGA_IP.u_AL4S3B_FPGA_ONION_BREATHECTRL.b_ONION_BREATHE.next_ctr_dffc_Q_16_D_LUT3_O.t_frag' (PB-LOGIC) ...
Complex block 53: 'u_AL4S3B_FPGA_IP.u_AL4S3B_FPGA_ONION_BREATHECTRL.b_ONION_BREATHE.next_ctr_dffc_Q_18_D_LUT3_O.t_frag' (PB-LOGIC) ...
Complex block 54: 'u_AL4S3B_FPGA_IP.u_AL4S3B_FPGA_ONION_BREATHECTRL.b_ONION_BREATHE.next_ctr_dffc_Q_19_D_LUT3_O.t_frag' (PB-LOGIC) ...
Complex block 55: 'u_AL4S3B_FPGA_IP.u_AL4S3B_FPGA_ONION_BREATHECTRL.b_ONION_BREATHE.next_ctr_dffc_Q_2_D_LUT3_O.t_frag' (PB-LOGIC) ...
Complex block 56: 'u_AL4S3B_FPGA_IP.u_AL4S3B_FPGA_ONION_BREATHECTRL.b_ONION_BREATHE.next_ctr_dffc_Q_20_D_LUT3_O.t_frag' (PB-LOGIC) ...
Complex block 57: 'u_AL4S3B_FPGA_IP.u_AL4S3B_FPGA_ONION_BREATHECTRL.b_ONION_BREATHE.next_ctr_dffc_Q_22_D_LUT3_O.t_frag' (PB-LOGIC) ...
Complex block 58: 'u_AL4S3B_FPGA_IP.u_AL4S3B_FPGA_ONION_BREATHECTRL.b_ONION_BREATHE.next_ctr_dffc_Q_4_D_LUT3_O.t_frag' (PB-LOGIC) ...
Complex block 59: 'u_AL4S3B_FPGA_IP.u_AL4S3B_FPGA_ONION_BREATHECTRL.b_ONION_BREATHE.next_ctr_dffc_Q_5_D_LUT3_O.t_frag' (PB-LOGIC) ...
Complex block 60: 'u_AL4S3B_FPGA_IP.u_AL4S3B_FPGA_ONION_BREATHECTRL.b_ONION_BREATHE.next_ctr_dffc_Q_6_D_LUT3_O.t_frag' (PB-LOGIC) ...
Complex block 61: 'u_AL4S3B_FPGA_IP.u_AL4S3B_FPGA_ONION_BREATHECTRL.b_ONION_BREATHE.next_ctr_dffc_Q_7_D_LUT3_O.t_frag' (PB-LOGIC) ...
Complex block 62: 'u_AL4S3B_FPGA_IP.u_AL4S3B_FPGA_ONION_BREATHECTRL.b_ONION_BREATHE.next_ctr_dffc_Q_8_D_LUT3_O.t_frag' (PB-LOGIC) ...
Complex block 63: 'u_AL4S3B_FPGA_IP.u_AL4S3B_FPGA_ONION_BREATHECTRL.g_ONION_BREATHE.next_ctr_dffc_Q_5_D_LUT3_O.t_frag' (PB-LOGIC) ...
Complex block 64: 'u_AL4S3B_FPGA_IP.u_AL4S3B_FPGA_ONION_BREATHECTRL.r_ONION_BREATHE.next_ctr_dffc_Q_5_D_LUT3_O.t_frag' (PB-LOGIC) ...
Complex block 65: 'u_AL4S3B_FPGA_IP.u_AL4S3B_FPGA_ONION_BREATHECTRL.r_ONION_BREATHE.duty_cycle_dffc_Q_7_D_LUT2_O.t_frag' (PB-LOGIC) ...
Complex block 66: 'u_AL4S3B_FPGA_IP.u_AL4S3B_FPGA_ONION_BREATHECTRL.r_ONION_BREATHE.next_ctr_dffc_Q_23_D_LUT2_O.t_frag' (PB-LOGIC) ...
Complex block 67: 'u_AL4S3B_FPGA_IP.u_AL4S3B_FPGA_ONION_BREATHECTRL.g_ONION_BREATHE.next_ctr_dffc_Q_1_D_LUT3_O.t_frag' (PB-LOGIC) ...
Complex block 68: 'u_AL4S3B_FPGA_IP.u_AL4S3B_FPGA_ONION_BREATHECTRL.g_ONION_BREATHE.next_ctr_dffc_Q_10_D_LUT3_O.t_frag' (PB-LOGIC) ...
Complex block 69: 'u_AL4S3B_FPGA_IP.u_AL4S3B_FPGA_ONION_BREATHECTRL.g_ONION_BREATHE.next_ctr_dffc_Q_11_D_LUT3_O.t_frag' (PB-LOGIC) ...
Complex block 70: 'u_AL4S3B_FPGA_IP.u_AL4S3B_FPGA_ONION_BREATHECTRL.g_ONION_BREATHE.next_ctr_dffc_Q_12_D_LUT3_O.t_frag' (PB-LOGIC) ...
Complex block 71: 'u_AL4S3B_FPGA_IP.u_AL4S3B_FPGA_ONION_BREATHECTRL.g_ONION_BREATHE.next_ctr_dffc_Q_13_D_LUT3_O.t_frag' (PB-LOGIC) ...
Complex block 72: 'u_AL4S3B_FPGA_IP.u_AL4S3B_FPGA_ONION_BREATHECTRL.g_ONION_BREATHE.next_ctr_dffc_Q_14_D_LUT3_O.t_frag' (PB-LOGIC) ...
Complex block 73: 'u_AL4S3B_FPGA_IP.u_AL4S3B_FPGA_ONION_BREATHECTRL.g_ONION_BREATHE.next_ctr_dffc_Q_15_D_LUT3_O.t_frag' (PB-LOGIC) ...
Complex block 74: 'u_AL4S3B_FPGA_IP.u_AL4S3B_FPGA_ONION_BREATHECTRL.g_ONION_BREATHE.next_ctr_dffc_Q_16_D_LUT3_O.t_frag' (PB-LOGIC) ...
Complex block 75: 'u_AL4S3B_FPGA_IP.u_AL4S3B_FPGA_ONION_BREATHECTRL.g_ONION_BREATHE.next_ctr_dffc_Q_18_D_LUT3_O.t_frag' (PB-LOGIC) ...
Complex block 76: 'u_AL4S3B_FPGA_IP.u_AL4S3B_FPGA_ONION_BREATHECTRL.g_ONION_BREATHE.next_ctr_dffc_Q_19_D_LUT3_O.t_frag' (PB-LOGIC) ...
Complex block 77: 'u_AL4S3B_FPGA_IP.u_AL4S3B_FPGA_ONION_BREATHECTRL.g_ONION_BREATHE.next_ctr_dffc_Q_2_D_LUT3_O.t_frag' (PB-LOGIC) ...
Complex block 78: 'u_AL4S3B_FPGA_IP.u_AL4S3B_FPGA_ONION_BREATHECTRL.g_ONION_BREATHE.next_ctr_dffc_Q_20_D_LUT3_O.t_frag' (PB-LOGIC) ...
Complex block 79: 'u_AL4S3B_FPGA_IP.u_AL4S3B_FPGA_ONION_BREATHECTRL.g_ONION_BREATHE.next_ctr_dffc_Q_22_D_LUT3_O.t_frag' (PB-LOGIC) ...
Complex block 80: 'u_AL4S3B_FPGA_IP.u_AL4S3B_FPGA_ONION_BREATHECTRL.g_ONION_BREATHE.next_ctr_dffc_Q_4_D_LUT3_O.t_frag' (PB-LOGIC) ...
Complex block 81: 'u_AL4S3B_FPGA_IP.u_AL4S3B_FPGA_ONION_BREATHECTRL.g_ONION_BREATHE.next_ctr_dffc_Q_6_D_LUT3_O.t_frag' (PB-LOGIC) ...
Complex block 82: 'u_AL4S3B_FPGA_IP.u_AL4S3B_FPGA_ONION_BREATHECTRL.g_ONION_BREATHE.next_ctr_dffc_Q_7_D_LUT3_O.t_frag' (PB-LOGIC) ...
Complex block 83: 'u_AL4S3B_FPGA_IP.u_AL4S3B_FPGA_ONION_BREATHECTRL.g_ONION_BREATHE.next_ctr_dffc_Q_8_D_LUT3_O.t_frag' (PB-LOGIC) ...
Complex block 84: 'u_AL4S3B_FPGA_IP.u_AL4S3B_FPGA_ONION_BREATHECTRL.r_ONION_BREATHE.next_ctr_dffc_Q_1_D_LUT3_O.t_frag' (PB-LOGIC) ...
Complex block 85: 'u_AL4S3B_FPGA_IP.u_AL4S3B_FPGA_ONION_BREATHECTRL.r_ONION_BREATHE.next_ctr_dffc_Q_10_D_LUT3_O.t_frag' (PB-LOGIC) ...
Complex block 86: 'u_AL4S3B_FPGA_IP.u_AL4S3B_FPGA_ONION_BREATHECTRL.r_ONION_BREATHE.next_ctr_dffc_Q_11_D_LUT3_O.t_frag' (PB-LOGIC) ...
Complex block 87: 'u_AL4S3B_FPGA_IP.u_AL4S3B_FPGA_ONION_BREATHECTRL.r_ONION_BREATHE.next_ctr_dffc_Q_12_D_LUT3_O.t_frag' (PB-LOGIC) ...
Complex block 88: 'u_AL4S3B_FPGA_IP.u_AL4S3B_FPGA_ONION_BREATHECTRL.r_ONION_BREATHE.next_ctr_dffc_Q_13_D_LUT3_O.t_frag' (PB-LOGIC) ...
Complex block 89: 'u_AL4S3B_FPGA_IP.u_AL4S3B_FPGA_ONION_BREATHECTRL.r_ONION_BREATHE.next_ctr_dffc_Q_14_D_LUT3_O.t_frag' (PB-LOGIC) ...
Complex block 90: 'u_AL4S3B_FPGA_IP.u_AL4S3B_FPGA_ONION_BREATHECTRL.r_ONION_BREATHE.next_ctr_dffc_Q_15_D_LUT3_O.t_frag' (PB-LOGIC) ...
Complex block 91: 'u_AL4S3B_FPGA_IP.u_AL4S3B_FPGA_ONION_BREATHECTRL.r_ONION_BREATHE.next_ctr_dffc_Q_16_D_LUT3_O.t_frag' (PB-LOGIC) ...
Complex block 92: 'u_AL4S3B_FPGA_IP.u_AL4S3B_FPGA_ONION_BREATHECTRL.r_ONION_BREATHE.next_ctr_dffc_Q_18_D_LUT3_O.t_frag' (PB-LOGIC) ...
Complex block 93: 'u_AL4S3B_FPGA_IP.u_AL4S3B_FPGA_ONION_BREATHECTRL.r_ONION_BREATHE.next_ctr_dffc_Q_19_D_LUT3_O.t_frag' (PB-LOGIC) ...
Complex block 94: 'u_AL4S3B_FPGA_IP.u_AL4S3B_FPGA_ONION_BREATHECTRL.r_ONION_BREATHE.next_ctr_dffc_Q_2_D_LUT3_O.t_frag' (PB-LOGIC) ...
Complex block 95: 'u_AL4S3B_FPGA_IP.u_AL4S3B_FPGA_ONION_BREATHECTRL.r_ONION_BREATHE.next_ctr_dffc_Q_20_D_LUT3_O.t_frag' (PB-LOGIC) ...
Complex block 96: 'u_AL4S3B_FPGA_IP.u_AL4S3B_FPGA_ONION_BREATHECTRL.r_ONION_BREATHE.next_ctr_dffc_Q_22_D_LUT3_O.t_frag' (PB-LOGIC) ...
Complex block 97: 'u_AL4S3B_FPGA_IP.u_AL4S3B_FPGA_ONION_BREATHECTRL.r_ONION_BREATHE.next_ctr_dffc_Q_4_D_LUT3_O.t_frag' (PB-LOGIC) ...
Complex block 98: 'u_AL4S3B_FPGA_IP.u_AL4S3B_FPGA_ONION_BREATHECTRL.r_ONION_BREATHE.next_ctr_dffc_Q_6_D_LUT3_O.t_frag' (PB-LOGIC) ...
Complex block 99: 'u_AL4S3B_FPGA_IP.u_AL4S3B_FPGA_ONION_BREATHECTRL.r_ONION_BREATHE.next_ctr_dffc_Q_7_D_LUT3_O.t_frag' (PB-LOGIC) ...
Complex block 100: 'u_AL4S3B_FPGA_IP.u_AL4S3B_FPGA_ONION_BREATHECTRL.r_ONION_BREATHE.next_ctr_dffc_Q_8_D_LUT3_O.t_frag' (PB-LOGIC) ...
Complex block 101: 'u_AL4S3B_FPGA_IP.u_AL4S3B_FPGA_ONION_BREATHECTRL.b_ONION_BREATHE.duty_cycle_dffc_Q_2_D_LUT3_O.t_frag' (PB-LOGIC) ...
Complex block 102: 'u_AL4S3B_FPGA_IP.u_AL4S3B_FPGA_ONION_BREATHECTRL.g_ONION_BREATHE.duty_cycle_dffc_Q_2_D_LUT3_O.t_frag' (PB-LOGIC) ...
Complex block 103: 'u_AL4S3B_FPGA_IP.u_AL4S3B_FPGA_ONION_BREATHECTRL.r_ONION_BREATHE.duty_cycle_dffc_Q_2_D_LUT3_O.t_frag' (PB-LOGIC) ...
Complex block 104: 'u_AL4S3B_FPGA_IP.u_AL4S3B_FPGA_ONION_BREATHECTRL.r_ONION_BREATHE.duty_cycle_dffc_Q_6_D_LUT3_O.t_frag' (PB-LOGIC) ...
Complex block 105: 'u_AL4S3B_FPGA_IP.u_AL4S3B_FPGA_ONION_BREATHECTRL.r_ONION_BREATHE.inhale_LUT3_I0.t_frag' (PB-LOGIC) ...
Complex block 106: 'u_AL4S3B_FPGA_IP.u_AL4S3B_FPGA_ONION_BREATHECTRL.BREATHE_0_CONFIG_dffc_Q_D_LUT3_O.t_frag' (PB-LOGIC) ...
Complex block 107: 'u_AL4S3B_FPGA_IP.u_AL4S3B_FPGA_ONION_BREATHECTRL.BREATHE_0_CONFIG_dffc_Q_1_D_LUT3_O.t_frag' (PB-LOGIC) ...
Complex block 108: 'u_AL4S3B_FPGA_IP.u_AL4S3B_FPGA_ONION_BREATHECTRL.BREATHE_0_CONFIG_dffc_Q_10_D_LUT3_O.t_frag' (PB-LOGIC) ...
Complex block 109: 'u_AL4S3B_FPGA_IP.u_AL4S3B_FPGA_ONION_BREATHECTRL.BREATHE_0_CONFIG_dffc_Q_11_D_LUT3_O.t_frag' (PB-LOGIC) ...
Complex block 110: 'u_AL4S3B_FPGA_IP.u_AL4S3B_FPGA_ONION_BREATHECTRL.BREATHE_0_CONFIG_dffc_Q_12_D_LUT3_O.t_frag' (PB-LOGIC) ...
Complex block 111: 'u_AL4S3B_FPGA_IP.u_AL4S3B_FPGA_ONION_BREATHECTRL.BREATHE_0_CONFIG_dffc_Q_13_D_LUT3_O.t_frag' (PB-LOGIC) ...
Complex block 112: 'u_AL4S3B_FPGA_IP.u_AL4S3B_FPGA_ONION_BREATHECTRL.BREATHE_0_CONFIG_dffc_Q_14_D_LUT3_O.t_frag' (PB-LOGIC) ...
Complex block 113: 'u_AL4S3B_FPGA_IP.u_AL4S3B_FPGA_ONION_BREATHECTRL.BREATHE_0_CONFIG_dffc_Q_15_D_LUT3_O.t_frag' (PB-LOGIC) ...
Complex block 114: 'u_AL4S3B_FPGA_IP.u_AL4S3B_FPGA_ONION_BREATHECTRL.BREATHE_0_CONFIG_dffc_Q_16_D_LUT3_O.t_frag' (PB-LOGIC) ...
Complex block 115: 'u_AL4S3B_FPGA_IP.u_AL4S3B_FPGA_ONION_BREATHECTRL.BREATHE_0_CONFIG_dffc_Q_17_D_LUT3_O.t_frag' (PB-LOGIC) ...
Complex block 116: 'u_AL4S3B_FPGA_IP.u_AL4S3B_FPGA_ONION_BREATHECTRL.BREATHE_0_CONFIG_dffc_Q_18_D_LUT3_O.t_frag' (PB-LOGIC) ...
Complex block 117: 'u_AL4S3B_FPGA_IP.u_AL4S3B_FPGA_ONION_BREATHECTRL.BREATHE_0_CONFIG_dffc_Q_19_D_LUT3_O.t_frag' (PB-LOGIC) ...
Complex block 118: 'u_AL4S3B_FPGA_IP.u_AL4S3B_FPGA_ONION_BREATHECTRL.BREATHE_0_CONFIG_dffc_Q_2_D_LUT3_O.t_frag' (PB-LOGIC) ...
Complex block 119: 'u_AL4S3B_FPGA_IP.u_AL4S3B_FPGA_ONION_BREATHECTRL.BREATHE_0_CONFIG_dffc_Q_20_D_LUT3_O.t_frag' (PB-LOGIC) ...
Complex block 120: 'u_AL4S3B_FPGA_IP.u_AL4S3B_FPGA_ONION_BREATHECTRL.BREATHE_0_CONFIG_dffc_Q_21_D_LUT3_O.t_frag' (PB-LOGIC) ...
Complex block 121: 'u_AL4S3B_FPGA_IP.u_AL4S3B_FPGA_ONION_BREATHECTRL.BREATHE_0_CONFIG_dffc_Q_22_D_LUT3_O.t_frag' (PB-LOGIC) ...
Complex block 122: 'u_AL4S3B_FPGA_IP.u_AL4S3B_FPGA_ONION_BREATHECTRL.BREATHE_0_CONFIG_dffc_Q_3_D_LUT3_O.t_frag' (PB-LOGIC) ...
Complex block 123: 'u_AL4S3B_FPGA_IP.u_AL4S3B_FPGA_ONION_BREATHECTRL.BREATHE_0_CONFIG_dffc_Q_4_D_LUT3_O.t_frag' (PB-LOGIC) ...
Complex block 124: 'u_AL4S3B_FPGA_IP.u_AL4S3B_FPGA_ONION_BREATHECTRL.BREATHE_0_CONFIG_dffc_Q_5_D_LUT3_O.t_frag' (PB-LOGIC) ...
Complex block 125: 'u_AL4S3B_FPGA_IP.u_AL4S3B_FPGA_ONION_BREATHECTRL.BREATHE_0_CONFIG_dffc_Q_6_D_LUT3_O.t_frag' (PB-LOGIC) ...
Complex block 126: 'u_AL4S3B_FPGA_IP.u_AL4S3B_FPGA_ONION_BREATHECTRL.BREATHE_0_CONFIG_dffc_Q_7_D_LUT3_O.t_frag' (PB-LOGIC) ...
Complex block 127: 'u_AL4S3B_FPGA_IP.u_AL4S3B_FPGA_ONION_BREATHECTRL.BREATHE_0_CONFIG_dffc_Q_8_D_LUT3_O.t_frag' (PB-LOGIC) ...
Complex block 128: 'u_AL4S3B_FPGA_IP.u_AL4S3B_FPGA_ONION_BREATHECTRL.BREATHE_0_CONFIG_dffc_Q_9_D_LUT3_O.t_frag' (PB-LOGIC) ...
Complex block 129: 'u_AL4S3B_FPGA_IP.u_AL4S3B_FPGA_ONION_BREATHECTRL.BREATHE_0_CONFIG_dffp_Q_D_LUT3_O.t_frag' (PB-LOGIC) ...
Complex block 130: 'u_AL4S3B_FPGA_IP.u_AL4S3B_FPGA_ONION_BREATHECTRL.BREATHE_0_CONFIG_dffp_Q_1_D_LUT3_O.t_frag' (PB-LOGIC) ...
Complex block 131: 'u_AL4S3B_FPGA_IP.u_AL4S3B_FPGA_ONION_BREATHECTRL.BREATHE_0_CONFIG_dffp_Q_2_D_LUT3_O.t_frag' (PB-LOGIC) ...
Complex block 132: 'u_AL4S3B_FPGA_IP.u_AL4S3B_FPGA_ONION_BREATHECTRL.BREATHE_0_CONFIG_dffp_Q_3_D_LUT3_O.t_frag' (PB-LOGIC) ...
Complex block 133: 'u_AL4S3B_FPGA_IP.u_AL4S3B_FPGA_ONION_BREATHECTRL.BREATHE_0_CONFIG_dffp_Q_4_D_LUT3_O.t_frag' (PB-LOGIC) ..
Complex block 134: 'u_AL4S3B_FPGA_IP.u_AL4S3B_FPGA_ONION_BREATHECTRL.BREATHE_0_CONFIG_dffp_Q_5_D_LUT3_O.t_frag' (PB-LOGIC) ..
Complex block 135: 'u_AL4S3B_FPGA_IP.u_AL4S3B_FPGA_ONION_BREATHECTRL.BREATHE_0_CONFIG_dffp_Q_6_D_LUT3_O.t_frag' (PB-LOGIC) ..
Complex block 136: 'u_AL4S3B_FPGA_IP.u_AL4S3B_FPGA_ONION_BREATHECTRL.BREATHE_0_CONFIG_dffp_Q_7_D_LUT3_O.t_frag' (PB-LOGIC) ..
Complex block 137: 'u_AL4S3B_FPGA_IP.u_AL4S3B_FPGA_ONION_BREATHECTRL.r_ONION_BREATHE.reset_dffc_Q_D_LUT3_O.t_frag' (PB-LOGIC) ..
Complex block 138: 'u_AL4S3B_FPGA_IP.u_AL4S3B_FPGA_ONION_BREATHECTRL.BREATHE_2_CONFIG_dffc_Q_D_LUT3_O.t_frag' (PB-LOGIC) ..
Complex block 139: 'u_AL4S3B_FPGA_IP.u_AL4S3B_FPGA_ONION_BREATHECTRL.BREATHE_2_CONFIG_dffc_Q_1_D_LUT3_O.t_frag' (PB-LOGIC) ..
Complex block 140: 'u_AL4S3B_FPGA_IP.u_AL4S3B_FPGA_ONION_BREATHECTRL.BREATHE_2_CONFIG_dffc_Q_10_D_LUT3_O.t_frag' (PB-LOGIC) ..
Complex block 141: 'u_AL4S3B_FPGA_IP.u_AL4S3B_FPGA_ONION_BREATHECTRL.BREATHE_2_CONFIG_dffc_Q_11_D_LUT3_O.t_frag' (PB-LOGIC) ..
Complex block 142: 'u_AL4S3B_FPGA_IP.u_AL4S3B_FPGA_ONION_BREATHECTRL.BREATHE_2_CONFIG_dffc_Q_12_D_LUT3_O.t_frag' (PB-LOGIC) ..
Complex block 143: 'u_AL4S3B_FPGA_IP.u_AL4S3B_FPGA_ONION_BREATHECTRL.BREATHE_2_CONFIG_dffc_Q_13_D_LUT3_O.t_frag' (PB-LOGIC) ..
Complex block 144: 'u_AL4S3B_FPGA_IP.u_AL4S3B_FPGA_ONION_BREATHECTRL.BREATHE_2_CONFIG_dffc_Q_14_D_LUT3_O.t_frag' (PB-LOGIC) ..
Complex block 145: 'u_AL4S3B_FPGA_IP.u_AL4S3B_FPGA_ONION_BREATHECTRL.BREATHE_2_CONFIG_dffc_Q_15_D_LUT3_O.t_frag' (PB-LOGIC) ..
Complex block 146: 'u_AL4S3B_FPGA_IP.u_AL4S3B_FPGA_ONION_BREATHECTRL.BREATHE_2_CONFIG_dffc_Q_16_D_LUT3_O.t_frag' (PB-LOGIC) ..
Complex block 147: 'u_AL4S3B_FPGA_IP.u_AL4S3B_FPGA_ONION_BREATHECTRL.BREATHE_2_CONFIG_dffc_Q_17_D_LUT3_O.t_frag' (PB-LOGIC) ..
Complex block 148: 'u_AL4S3B_FPGA_IP.u_AL4S3B_FPGA_ONION_BREATHECTRL.BREATHE_2_CONFIG_dffc_Q_18_D_LUT3_O.t_frag' (PB-LOGIC) ..
Complex block 149: 'u_AL4S3B_FPGA_IP.u_AL4S3B_FPGA_ONION_BREATHECTRL.BREATHE_2_CONFIG_dffc_Q_19_D_LUT3_O.t_frag' (PB-LOGIC) ..
Complex block 150: 'u_AL4S3B_FPGA_IP.u_AL4S3B_FPGA_ONION_BREATHECTRL.BREATHE_2_CONFIG_dffc_Q_2_D_LUT3_O.t_frag' (PB-LOGIC) ..
Complex block 151: 'u_AL4S3B_FPGA_IP.u_AL4S3B_FPGA_ONION_BREATHECTRL.BREATHE_2_CONFIG_dffc_Q_20_D_LUT3_O.t_frag' (PB-LOGIC) ..
Complex block 152: 'u_AL4S3B_FPGA_IP.u_AL4S3B_FPGA_ONION_BREATHECTRL.BREATHE_2_CONFIG_dffc_Q_21_D_LUT3_O.t_frag' (PB-LOGIC) ..
Complex block 153: 'u_AL4S3B_FPGA_IP.u_AL4S3B_FPGA_ONION_BREATHECTRL.BREATHE_2_CONFIG_dffc_Q_22_D_LUT3_O.t_frag' (PB-LOGIC) ..
Complex block 154: 'u_AL4S3B_FPGA_IP.u_AL4S3B_FPGA_ONION_BREATHECTRL.BREATHE_2_CONFIG_dffc_Q_3_D_LUT3_O.t_frag' (PB-LOGIC) ..
Complex block 155: 'u_AL4S3B_FPGA_IP.u_AL4S3B_FPGA_ONION_BREATHECTRL.BREATHE_2_CONFIG_dffc_Q_4_D_LUT3_O.t_frag' (PB-LOGIC) ..
Complex block 156: 'u_AL4S3B_FPGA_IP.u_AL4S3B_FPGA_ONION_BREATHECTRL.BREATHE_2_CONFIG_dffc_Q_5_D_LUT3_O.t_frag' (PB-LOGIC) ..
Complex block 157: 'u_AL4S3B_FPGA_IP.u_AL4S3B_FPGA_ONION_BREATHECTRL.BREATHE_2_CONFIG_dffc_Q_6_D_LUT3_O.t_frag' (PB-LOGIC) ..
Complex block 158: 'u_AL4S3B_FPGA_IP.u_AL4S3B_FPGA_ONION_BREATHECTRL.BREATHE_2_CONFIG_dffc_Q_7_D_LUT3_O.t_frag' (PB-LOGIC) ..
Complex block 159: 'u_AL4S3B_FPGA_IP.u_AL4S3B_FPGA_ONION_BREATHECTRL.BREATHE_2_CONFIG_dffc_Q_8_D_LUT3_O.t_frag' (PB-LOGIC) ..
Complex block 160: 'u_AL4S3B_FPGA_IP.u_AL4S3B_FPGA_ONION_BREATHECTRL.BREATHE_2_CONFIG_dffc_Q_9_D_LUT3_O.t_frag' (PB-LOGIC) ..
Complex block 161: 'u_AL4S3B_FPGA_IP.u_AL4S3B_FPGA_ONION_BREATHECTRL.BREATHE_2_CONFIG_dffp_Q_D_LUT3_O.t_frag' (PB-LOGIC) ..
Complex block 162: 'u_AL4S3B_FPGA_IP.u_AL4S3B_FPGA_ONION_BREATHECTRL.BREATHE_2_CONFIG_dffp_Q_1_D_LUT3_O.t_frag' (PB-LOGIC) ..
Complex block 163: 'u_AL4S3B_FPGA_IP.u_AL4S3B_FPGA_ONION_BREATHECTRL.BREATHE_2_CONFIG_dffp_Q_2_D_LUT3_O.t_frag' (PB-LOGIC) ..
Complex block 164: 'u_AL4S3B_FPGA_IP.u_AL4S3B_FPGA_ONION_BREATHECTRL.BREATHE_2_CONFIG_dffp_Q_3_D_LUT3_O.t_frag' (PB-LOGIC) ..
Complex block 165: 'u_AL4S3B_FPGA_IP.u_AL4S3B_FPGA_ONION_BREATHECTRL.BREATHE_2_CONFIG_dffp_Q_4_D_LUT3_O.t_frag' (PB-LOGIC) ..
Complex block 166: 'u_AL4S3B_FPGA_IP.u_AL4S3B_FPGA_ONION_BREATHECTRL.BREATHE_2_CONFIG_dffp_Q_5_D_LUT3_O.t_frag' (PB-LOGIC) ..
Complex block 167: 'u_AL4S3B_FPGA_IP.u_AL4S3B_FPGA_ONION_BREATHECTRL.BREATHE_2_CONFIG_dffp_Q_6_D_LUT3_O.t_frag' (PB-LOGIC) ..
Complex block 168: 'u_AL4S3B_FPGA_IP.u_AL4S3B_FPGA_ONION_BREATHECTRL.BREATHE_2_CONFIG_dffp_Q_7_D_LUT3_O.t_frag' (PB-LOGIC) ..
Complex block 169: 'u_AL4S3B_FPGA_IP.u_AL4S3B_FPGA_ONION_BREATHECTRL.b_ONION_BREATHE.reset_dffc_Q_D_LUT3_O.t_frag' (PB-LOGIC) ..
Complex block 170: 'u_AL4S3B_FPGA_IP.u_AL4S3B_FPGA_ONION_BREATHECTRL.BREATHE_1_CONFIG_dffc_Q_D_LUT3_O.t_frag' (PB-LOGIC) ..
Complex block 171: 'u_AL4S3B_FPGA_IP.u_AL4S3B_FPGA_ONION_BREATHECTRL.BREATHE_1_CONFIG_dffc_Q_1_D_LUT3_O.t_frag' (PB-LOGIC) ..
Complex block 172: 'u_AL4S3B_FPGA_IP.u_AL4S3B_FPGA_ONION_BREATHECTRL.BREATHE_1_CONFIG_dffc_Q_10_D_LUT3_O.t_frag' (PB-LOGIC) ..
Complex block 173: 'u_AL4S3B_FPGA_IP.u_AL4S3B_FPGA_ONION_BREATHECTRL.BREATHE_1_CONFIG_dffc_Q_11_D_LUT3_O.t_frag' (PB-LOGIC) ..
Complex block 174: 'u_AL4S3B_FPGA_IP.u_AL4S3B_FPGA_ONION_BREATHECTRL.BREATHE_1_CONFIG_dffc_Q_12_D_LUT3_O.t_frag' (PB-LOGIC) ..
Complex block 175: 'u_AL4S3B_FPGA_IP.u_AL4S3B_FPGA_ONION_BREATHECTRL.BREATHE_1_CONFIG_dffc_Q_13_D_LUT3_O.t_frag' (PB-LOGIC) ..
Complex block 176: 'u_AL4S3B_FPGA_IP.u_AL4S3B_FPGA_ONION_BREATHECTRL.BREATHE_1_CONFIG_dffc_Q_14_D_LUT3_O.t_frag' (PB-LOGIC) ..
Complex block 177: 'u_AL4S3B_FPGA_IP.u_AL4S3B_FPGA_ONION_BREATHECTRL.BREATHE_1_CONFIG_dffc_Q_15_D_LUT3_O.t_frag' (PB-LOGIC) ..
Complex block 178: 'u_AL4S3B_FPGA_IP.u_AL4S3B_FPGA_ONION_BREATHECTRL.BREATHE_1_CONFIG_dffc_Q_16_D_LUT3_O.t_frag' (PB-LOGIC) ..
Complex block 179: 'u_AL4S3B_FPGA_IP.u_AL4S3B_FPGA_ONION_BREATHECTRL.BREATHE_1_CONFIG_dffc_Q_17_D_LUT3_O.t_frag' (PB-LOGIC) ..
Complex block 180: 'u_AL4S3B_FPGA_IP.u_AL4S3B_FPGA_ONION_BREATHECTRL.BREATHE_1_CONFIG_dffc_Q_18_D_LUT3_O.t_frag' (PB-LOGIC) ..
Complex block 181: 'u_AL4S3B_FPGA_IP.u_AL4S3B_FPGA_ONION_BREATHECTRL.BREATHE_1_CONFIG_dffc_Q_19_D_LUT3_O.t_frag' (PB-LOGIC) ..
Complex block 182: 'u_AL4S3B_FPGA_IP.u_AL4S3B_FPGA_ONION_BREATHECTRL.BREATHE_1_CONFIG_dffc_Q_2_D_LUT3_O.t_frag' (PB-LOGIC) ..
Complex block 183: 'u_AL4S3B_FPGA_IP.u_AL4S3B_FPGA_ONION_BREATHECTRL.BREATHE_1_CONFIG_dffc_Q_20_D_LUT3_O.t_frag' (PB-LOGIC) ..
Complex block 184: 'u_AL4S3B_FPGA_IP.u_AL4S3B_FPGA_ONION_BREATHECTRL.BREATHE_1_CONFIG_dffc_Q_21_D_LUT3_O.t_frag' (PB-LOGIC) ..
Complex block 185: 'u_AL4S3B_FPGA_IP.u_AL4S3B_FPGA_ONION_BREATHECTRL.BREATHE_1_CONFIG_dffc_Q_22_D_LUT3_O.t_frag' (PB-LOGIC) ..
Complex block 186: 'u_AL4S3B_FPGA_IP.u_AL4S3B_FPGA_ONION_BREATHECTRL.BREATHE_1_CONFIG_dffc_Q_3_D_LUT3_O.t_frag' (PB-LOGIC) ..
Complex block 187: 'u_AL4S3B_FPGA_IP.u_AL4S3B_FPGA_ONION_BREATHECTRL.BREATHE_1_CONFIG_dffc_Q_4_D_LUT3_O.t_frag' (PB-LOGIC) ..
Complex block 188: 'u_AL4S3B_FPGA_IP.u_AL4S3B_FPGA_ONION_BREATHECTRL.BREATHE_1_CONFIG_dffc_Q_5_D_LUT3_O.t_frag' (PB-LOGIC) ..
Complex block 189: 'u_AL4S3B_FPGA_IP.u_AL4S3B_FPGA_ONION_BREATHECTRL.BREATHE_1_CONFIG_dffc_Q_6_D_LUT3_O.t_frag' (PB-LOGIC) ..
Complex block 190: 'u_AL4S3B_FPGA_IP.u_AL4S3B_FPGA_ONION_BREATHECTRL.BREATHE_1_CONFIG_dffc_Q_7_D_LUT3_O.t_frag' (PB-LOGIC) ..
Complex block 191: 'u_AL4S3B_FPGA_IP.u_AL4S3B_FPGA_ONION_BREATHECTRL.BREATHE_1_CONFIG_dffc_Q_8_D_LUT3_O.t_frag' (PB-LOGIC) ..
Complex block 192: 'u_AL4S3B_FPGA_IP.u_AL4S3B_FPGA_ONION_BREATHECTRL.BREATHE_1_CONFIG_dffc_Q_9_D_LUT3_O.t_frag' (PB-LOGIC) ..
Complex block 193: 'u_AL4S3B_FPGA_IP.u_AL4S3B_FPGA_ONION_BREATHECTRL.BREATHE_1_CONFIG_dffp_Q_D_LUT3_O.t_frag' (PB-LOGIC) ..
Complex block 194: 'u_AL4S3B_FPGA_IP.u_AL4S3B_FPGA_ONION_BREATHECTRL.BREATHE_1_CONFIG_dffp_Q_1_D_LUT3_O.t_frag' (PB-LOGIC) ..
Complex block 195: 'u_AL4S3B_FPGA_IP.u_AL4S3B_FPGA_ONION_BREATHECTRL.BREATHE_1_CONFIG_dffp_Q_2_D_LUT3_O.t_frag' (PB-LOGIC) ..
Complex block 196: 'u_AL4S3B_FPGA_IP.u_AL4S3B_FPGA_ONION_BREATHECTRL.BREATHE_1_CONFIG_dffp_Q_3_D_LUT3_O.t_frag' (PB-LOGIC) ..
Complex block 197: 'u_AL4S3B_FPGA_IP.u_AL4S3B_FPGA_ONION_BREATHECTRL.BREATHE_1_CONFIG_dffp_Q_4_D_LUT3_O.t_frag' (PB-LOGIC) ..
Complex block 198: 'u_AL4S3B_FPGA_IP.u_AL4S3B_FPGA_ONION_BREATHECTRL.BREATHE_1_CONFIG_dffp_Q_5_D_LUT3_O.t_frag' (PB-LOGIC) ..
Complex block 199: 'u_AL4S3B_FPGA_IP.u_AL4S3B_FPGA_ONION_BREATHECTRL.BREATHE_1_CONFIG_dffp_Q_6_D_LUT3_O.t_frag' (PB-LOGIC) ..
Complex block 200: 'u_AL4S3B_FPGA_IP.u_AL4S3B_FPGA_ONION_BREATHECTRL.BREATHE_1_CONFIG_dffp_Q_7_D_LUT3_O.t_frag' (PB-LOGIC) ..
Complex block 201: 'u_AL4S3B_FPGA_IP.u_AL4S3B_FPGA_ONION_BREATHECTRL.g_ONION_BREATHE.reset_dffc_Q_D_LUT3_O.t_frag' (PB-LOGIC) ..
Complex block 202: 'u_AL4S3B_FPGA_IP.u_AL4S3B_FPGA_QL_Reserved.Default_Cntr_nxt_LUT4_O.c_frag' (PB-LOGIC) .
Complex block 203: 'u_AL4S3B_FPGA_IP.u_AL4S3B_FPGA_ONION_BREATHECTRL.b_ONION_BREATHE.duty_ctr_dffc_Q_D_LUT2_O.t_frag' (PB-LOGIC) ..
Complex block 204: 'u_AL4S3B_FPGA_IP.u_AL4S3B_FPGA_ONION_BREATHECTRL.g_ONION_BREATHE.duty_ctr_dffc_Q_D_LUT2_O.t_frag' (PB-LOGIC) ..
Complex block 205: 'u_AL4S3B_FPGA_IP.u_AL4S3B_FPGA_ONION_BREATHECTRL.r_ONION_BREATHE.duty_ctr_dffc_Q_D_LUT2_O.t_frag' (PB-LOGIC) ..
Complex block 206: 'u_AL4S3B_FPGA_IP.u_AL4S3B_FPGA_QL_Reserved.WBs_ACK_o_dffc_Q_D_LUT3_O.t_frag' (PB-LOGIC) ..
Complex block 207: 'u_AL4S3B_FPGA_IP.u_AL4S3B_FPGA_ONION_BREATHECTRL.b_ONION_BREATHE.duty_ctr_dffc_Q_D_LUT2_O_1.t_frag' (PB-LOGIC) ..
Complex block 208: 'u_AL4S3B_FPGA_IP.u_AL4S3B_FPGA_ONION_BREATHECTRL.g_ONION_BREATHE.duty_ctr_dffc_Q_D_LUT2_O_1.t_frag' (PB-LOGIC) ..
Complex block 209: 'u_AL4S3B_FPGA_IP.u_AL4S3B_FPGA_ONION_BREATHECTRL.r_ONION_BREATHE.duty_ctr_dffc_Q_D_LUT2_O_1.t_frag' (PB-LOGIC) ..
Complex block 210: 'u_AL4S3B_FPGA_IP.u_AL4S3B_FPGA_ONION_BREATHECTRL.b_ONION_BREATHE.duty_ctr_dffc_Q_D_LUT3_O.t_frag' (PB-LOGIC) ..
Complex block 211: 'u_AL4S3B_FPGA_IP.u_AL4S3B_FPGA_ONION_BREATHECTRL.g_ONION_BREATHE.duty_ctr_dffc_Q_D_LUT3_O.t_frag' (PB-LOGIC) ..
Complex block 212: 'u_AL4S3B_FPGA_IP.u_AL4S3B_FPGA_ONION_BREATHECTRL.r_ONION_BREATHE.duty_ctr_dffc_Q_D_LUT3_O.t_frag' (PB-LOGIC) ..
Complex block 213: 'u_AL4S3B_FPGA_IP.u_AL4S3B_FPGA_ONION_BREATHECTRL.b_ONION_BREATHE.duty_ctr_dffc_Q_D_LUT2_O_2.t_frag' (PB-LOGIC) ..
Complex block 214: 'u_AL4S3B_FPGA_IP.u_AL4S3B_FPGA_ONION_BREATHECTRL.g_ONION_BREATHE.duty_ctr_dffc_Q_D_LUT2_O_2.t_frag' (PB-LOGIC) ..
Complex block 215: 'u_AL4S3B_FPGA_IP.u_AL4S3B_FPGA_ONION_BREATHECTRL.r_ONION_BREATHE.duty_ctr_dffc_Q_D_LUT2_O_2.t_frag' (PB-LOGIC) ..
Complex block 216: 'u_AL4S3B_FPGA_IP.u_AL4S3B_FPGA_QL_Reserved.Default_State_nxt_LUT3_O.t_frag' (PB-LOGIC) ..
Complex block 217: 'u_AL4S3B_FPGA_IP.u_AL4S3B_FPGA_ONION_BREATHECTRL.b_ONION_BREATHE.duty_ctr_dffc_Q_D_LUT3_O_1.t_frag' (PB-LOGIC) ..
Complex block 218: 'u_AL4S3B_FPGA_IP.u_AL4S3B_FPGA_ONION_BREATHECTRL.g_ONION_BREATHE.duty_ctr_dffc_Q_D_LUT3_O_1.t_frag' (PB-LOGIC) ..
Complex block 219: 'u_AL4S3B_FPGA_IP.u_AL4S3B_FPGA_ONION_BREATHECTRL.r_ONION_BREATHE.duty_ctr_dffc_Q_D_LUT3_O_1.t_frag' (PB-LOGIC) ..
Complex block 220: 'u_AL4S3B_FPGA_IP.u_AL4S3B_FPGA_ONION_BREATHECTRL.b_ONION_BREATHE.duty_ctr_dffc_Q_D_LUT2_O_3.t_frag' (PB-LOGIC) ..
Complex block 221: 'u_AL4S3B_FPGA_IP.u_AL4S3B_FPGA_ONION_BREATHECTRL.g_ONION_BREATHE.duty_ctr_dffc_Q_D_LUT2_O_3.t_frag' (PB-LOGIC) ..
Complex block 222: 'u_AL4S3B_FPGA_IP.u_AL4S3B_FPGA_ONION_BREATHECTRL.r_ONION_BREATHE.duty_ctr_dffc_Q_D_LUT2_O_3.t_frag' (PB-LOGIC) ..
Complex block 223: 'u_AL4S3B_FPGA_IP.u_AL4S3B_FPGA_QL_Reserved.Default_Cntr_nxt_LUT3_O.t_frag' (PB-LOGIC) ..
Complex block 224: 'u_AL4S3B_FPGA_IP.u_AL4S3B_FPGA_ONION_BREATHECTRL.b_ONION_BREATHE.duty_ctr_dffc_Q_D_LUT3_O_2.t_frag' (PB-LOGIC) ..
Complex block 225: 'u_AL4S3B_FPGA_IP.u_AL4S3B_FPGA_ONION_BREATHECTRL.g_ONION_BREATHE.duty_ctr_dffc_Q_D_LUT3_O_2.t_frag' (PB-LOGIC) ..
Complex block 226: 'u_AL4S3B_FPGA_IP.u_AL4S3B_FPGA_ONION_BREATHECTRL.r_ONION_BREATHE.duty_ctr_dffc_Q_D_LUT3_O_2.t_frag' (PB-LOGIC) ..
Complex block 227: '$iopadmap$AL4S3B_FPGA_Top.io_pad[0]' (PB-BIDIR) .
Complex block 228: '$iopadmap$AL4S3B_FPGA_Top.io_pad[1]' (PB-BIDIR) .
Complex block 229: '$iopadmap$AL4S3B_FPGA_Top.io_pad[10]' (PB-BIDIR) .
Complex block 230: '$iopadmap$AL4S3B_FPGA_Top.io_pad[11]' (PB-BIDIR) .
Complex block 231: '$iopadmap$AL4S3B_FPGA_Top.io_pad[12]' (PB-BIDIR) .
Complex block 232: '$iopadmap$AL4S3B_FPGA_Top.io_pad[13]' (PB-BIDIR) .
Complex block 233: '$iopadmap$AL4S3B_FPGA_Top.io_pad[14]' (PB-BIDIR) .
Complex block 234: '$iopadmap$AL4S3B_FPGA_Top.io_pad[15]' (PB-BIDIR) .
Complex block 235: '$iopadmap$AL4S3B_FPGA_Top.io_pad[16]' (PB-BIDIR) .
Complex block 236: '$iopadmap$AL4S3B_FPGA_Top.io_pad[17]' (PB-BIDIR) .
Complex block 237: '$iopadmap$AL4S3B_FPGA_Top.io_pad[19]' (PB-BIDIR) .
Complex block 238: '$iopadmap$AL4S3B_FPGA_Top.io_pad[2]' (PB-BIDIR) .
Complex block 239: '$iopadmap$AL4S3B_FPGA_Top.io_pad[20]' (PB-BIDIR) .
Complex block 240: '$iopadmap$AL4S3B_FPGA_Top.io_pad[23]' (PB-BIDIR) .
Complex block 241: '$iopadmap$AL4S3B_FPGA_Top.io_pad[24]' (PB-BIDIR) .
Complex block 242: '$iopadmap$AL4S3B_FPGA_Top.io_pad[25]' (PB-BIDIR) .
Complex block 243: '$iopadmap$AL4S3B_FPGA_Top.io_pad[26]' (PB-BIDIR) .
Complex block 244: '$iopadmap$AL4S3B_FPGA_Top.io_pad[27]' (PB-BIDIR) .
Complex block 245: '$iopadmap$AL4S3B_FPGA_Top.io_pad[28]' (PB-BIDIR) .
Complex block 246: '$iopadmap$AL4S3B_FPGA_Top.io_pad[29]' (PB-BIDIR) .
Complex block 247: '$iopadmap$AL4S3B_FPGA_Top.io_pad[3]' (PB-BIDIR) .
Complex block 248: '$iopadmap$AL4S3B_FPGA_Top.io_pad[30]' (PB-BIDIR) .
Complex block 249: '$iopadmap$AL4S3B_FPGA_Top.io_pad[31]' (PB-BIDIR) .
Complex block 250: '$iopadmap$AL4S3B_FPGA_Top.io_pad[4]' (PB-BIDIR) .
Complex block 251: '$iopadmap$AL4S3B_FPGA_Top.io_pad[5]' (PB-BIDIR) .
Complex block 252: '$iopadmap$AL4S3B_FPGA_Top.io_pad[6]' (PB-BIDIR) .
Complex block 253: '$iopadmap$AL4S3B_FPGA_Top.io_pad[7]' (PB-BIDIR) .
Complex block 254: '$iopadmap$AL4S3B_FPGA_Top.io_pad[8]' (PB-BIDIR) .
Complex block 255: '$iopadmap$AL4S3B_FPGA_Top.io_pad[9]' (PB-BIDIR) .
Complex block 256: 'u_AL4S3B_FPGA_IP.u_AL4S3B_FPGA_ONION_BREATHECTRL.b_ONION_BREATHE.inhale_LUT3_I0_I1_LUT4_O.c_frag' (PB-LOGIC) .
Complex block 257: 'u_AL4S3B_FPGA_IP.u_AL4S3B_FPGA_ONION_BREATHECTRL.g_ONION_BREATHE.inhale_LUT3_I0_I1_LUT4_O.c_frag' (PB-LOGIC) .
Complex block 258: 'u_AL4S3B_FPGA_IP.u_AL4S3B_FPGA_ONION_BREATHECTRL.b_ONION_BREATHE.inhale_LUT3_I0_I1_LUT4_O_I0_LUT4_O.c_frag' (PB-LOGIC) .
Complex block 259: 'u_AL4S3B_FPGA_IP.u_AL4S3B_FPGA_ONION_BREATHECTRL.g_ONION_BREATHE.inhale_LUT3_I0_I1_LUT4_O_I0_LUT4_O.c_frag' (PB-LOGIC) .
Complex block 260: 'u_AL4S3B_FPGA_IP.u_AL4S3B_FPGA_ONION_BREATHECTRL.b_ONION_BREATHE.inhale_LUT3_I0_I1_LUT4_O_I0_LUT4_O_I3_LUT3_O_I0_LUT4_O.c_frag' (PB-LOGIC) .
Complex block 261: 'u_AL4S3B_FPGA_IP.u_AL4S3B_FPGA_ONION_BREATHECTRL.g_ONION_BREATHE.inhale_LUT3_I0_I1_LUT4_O_I0_LUT4_O_I3_LUT3_O_I0_LUT4_O.c_frag' (PB-LOGIC) .
Complex block 262: 'u_AL4S3B_FPGA_IP.u_AL4S3B_FPGA_ONION_BREATHECTRL.b_ONION_BREATHE.inhale_LUT3_I0_I1_LUT4_O_I0_LUT4_O_I3_LUT3_O_I2_LUT4_O.c_frag' (PB-LOGIC) .
Complex block 263: 'u_AL4S3B_FPGA_IP.u_AL4S3B_FPGA_ONION_BREATHECTRL.g_ONION_BREATHE.inhale_LUT3_I0_I1_LUT4_O_I0_LUT4_O_I3_LUT3_O_I2_LUT4_O.c_frag' (PB-LOGIC) .
Complex block 264: 'u_AL4S3B_FPGA_IP.u_AL4S3B_FPGA_ONION_BREATHECTRL.b_ONION_BREATHE.next_ctr_dffc_Q_13_D_LUT3_O_I1_LUT4_I3.c_frag' (PB-LOGIC) .
Complex block 265: 'u_AL4S3B_FPGA_IP.u_AL4S3B_FPGA_ONION_BREATHECTRL.b_ONION_BREATHE.next_ctr_dffc_Q_13_D_LUT3_O_I1_LUT4_O.c_frag' (PB-LOGIC) .
Complex block 266: 'u_AL4S3B_FPGA_IP.u_AL4S3B_FPGA_ONION_BREATHECTRL.b_ONION_BREATHE.next_ctr_dffc_Q_16_D_LUT3_O_I1_LUT4_O.c_frag' (PB-LOGIC) .
Complex block 267: 'u_AL4S3B_FPGA_IP.u_AL4S3B_FPGA_ONION_BREATHECTRL.b_ONION_BREATHE.next_ctr_dffc_Q_19_D_LUT3_O_I1_LUT4_O.c_frag' (PB-LOGIC) .
Complex block 268: 'u_AL4S3B_FPGA_IP.u_AL4S3B_FPGA_ONION_BREATHECTRL.b_ONION_BREATHE.next_ctr_dffc_Q_7_D_LUT3_O_I1_LUT4_O.c_frag' (PB-LOGIC) .
Complex block 269: 'u_AL4S3B_FPGA_IP.u_AL4S3B_FPGA_ONION_BREATHECTRL.g_ONION_BREATHE.next_ctr_dffc_Q_13_D_LUT3_O_I1_LUT4_I3.c_frag' (PB-LOGIC) .
Complex block 270: 'u_AL4S3B_FPGA_IP.u_AL4S3B_FPGA_ONION_BREATHECTRL.g_ONION_BREATHE.next_ctr_dffc_Q_13_D_LUT3_O_I1_LUT4_O.c_frag' (PB-LOGIC) .
Complex block 271: 'u_AL4S3B_FPGA_IP.u_AL4S3B_FPGA_ONION_BREATHECTRL.g_ONION_BREATHE.next_ctr_dffc_Q_16_D_LUT3_O_I1_LUT4_O.c_frag' (PB-LOGIC) .
Complex block 272: 'u_AL4S3B_FPGA_IP.u_AL4S3B_FPGA_ONION_BREATHECTRL.g_ONION_BREATHE.next_ctr_dffc_Q_19_D_LUT3_O_I1_LUT4_O.c_frag' (PB-LOGIC) .
Complex block 273: 'u_AL4S3B_FPGA_IP.u_AL4S3B_FPGA_ONION_BREATHECTRL.g_ONION_BREATHE.next_ctr_dffc_Q_7_D_LUT3_O_I1_LUT4_O.c_frag' (PB-LOGIC) .
Complex block 274: 'u_AL4S3B_FPGA_IP.u_AL4S3B_FPGA_ONION_BREATHECTRL.r_ONION_BREATHE.next_ctr_dffc_Q_13_D_LUT3_O_I1_LUT4_I3.c_frag' (PB-LOGIC) .
Complex block 275: 'u_AL4S3B_FPGA_IP.u_AL4S3B_FPGA_ONION_BREATHECTRL.r_ONION_BREATHE.next_ctr_dffc_Q_13_D_LUT3_O_I1_LUT4_O.c_frag' (PB-LOGIC) .
Complex block 276: 'u_AL4S3B_FPGA_IP.u_AL4S3B_FPGA_ONION_BREATHECTRL.r_ONION_BREATHE.next_ctr_dffc_Q_16_D_LUT3_O_I1_LUT4_O.c_frag' (PB-LOGIC) .
Complex block 277: 'u_AL4S3B_FPGA_IP.u_AL4S3B_FPGA_ONION_BREATHECTRL.r_ONION_BREATHE.next_ctr_dffc_Q_19_D_LUT3_O_I1_LUT4_O.c_frag' (PB-LOGIC) .
Complex block 278: 'u_AL4S3B_FPGA_IP.u_AL4S3B_FPGA_ONION_BREATHECTRL.r_ONION_BREATHE.next_ctr_dffc_Q_7_D_LUT3_O_I1_LUT4_O.c_frag' (PB-LOGIC) .
Complex block 279: 'u_AL4S3B_FPGA_IP.u_AL4S3B_FPGA_ONION_BREATHECTRL.b_ONION_BREATHE.next_ctr_dffc_Q_D_LUT4_O_I1_LUT3_O_I2_LUT3_O_I1_LUT4_O.c_frag' (PB-LOGIC) .
Complex block 280: 'u_AL4S3B_FPGA_IP.u_AL4S3B_FPGA_ONION_BREATHECTRL.r_ONION_BREATHE.next_ctr_dffc_Q_D_LUT4_O_I1_LUT3_O_I2_LUT4_O.c_frag' (PB-LOGIC) .
Complex block 281: 'u_AL4S3B_FPGA_IP.u_AL4S3B_FPGA_ONION_BREATHECTRL.b_ONION_BREATHE.next_ctr_dffc_Q_7_D_LUT3_O_I1_LUT4_I3.c_frag' (PB-LOGIC) .
Complex block 282: 'u_AL4S3B_FPGA_IP.u_AL4S3B_FPGA_ONION_BREATHECTRL.g_ONION_BREATHE.next_ctr_dffc_Q_7_D_LUT3_O_I1_LUT4_I3.c_frag' (PB-LOGIC) .
Complex block 283: 'u_AL4S3B_FPGA_IP.u_AL4S3B_FPGA_ONION_BREATHECTRL.r_ONION_BREATHE.next_ctr_dffc_Q_7_D_LUT3_O_I1_LUT4_I3.c_frag' (PB-LOGIC) .
Complex block 284: 'u_AL4S3B_FPGA_IP.u_AL4S3B_FPGA_ONION_BREATHECTRL.b_ONION_BREATHE.next_ctr_dffc_Q_D_LUT4_O_I1_LUT3_O_I2_LUT3_O_I2_LUT4_O.c_frag' (PB-LOGIC) .
Complex block 285: 'u_AL4S3B_FPGA_IP.u_AL4S3B_FPGA_ONION_BREATHECTRL.b_ONION_BREATHE.next_ctr_dffc_Q_D_LUT4_O_I3_LUT4_O.c_frag' (PB-LOGIC) .
Complex block 286: 'u_AL4S3B_FPGA_IP.u_AL4S3B_FPGA_ONION_BREATHECTRL.g_ONION_BREATHE.next_ctr_dffc_Q_D_LUT4_O_I3_LUT4_O.c_frag' (PB-LOGIC) .
Complex block 287: 'u_AL4S3B_FPGA_IP.u_AL4S3B_FPGA_ONION_BREATHECTRL.r_ONION_BREATHE.next_ctr_dffc_Q_D_LUT4_O_I3_LUT4_O.c_frag' (PB-LOGIC) .
Complex block 288: 'u_AL4S3B_FPGA_IP.u_AL4S3B_FPGA_ONION_BREATHECTRL.r_ONION_BREATHE.inhale_LUT3_I0_I1_LUT4_O.c_frag' (PB-LOGIC) .
Complex block 289: 'u_AL4S3B_FPGA_IP.u_AL4S3B_FPGA_ONION_BREATHECTRL.r_ONION_BREATHE.inhale_LUT3_I0_I1_LUT4_O_I2_LUT4_O.c_frag' (PB-LOGIC) .
Complex block 290: 'u_AL4S3B_FPGA_IP.u_AL4S3B_FPGA_ONION_BREATHECTRL.b_ONION_BREATHE.next_ctr_dffc_Q_D_LUT4_O_I1_LUT3_O_I2_LUT3_O.t_frag' (PB-LOGIC) ...
Complex block 291: 'u_AL4S3B_FPGA_IP.u_AL4S3B_FPGA_ONION_BREATHECTRL.r_ONION_BREATHE.next_ctr_dffc_Q_D_LUT4_O_I1_LUT3_O_I2_LUT4_O_I0_LUT4_O.c_frag' (PB-LOGIC) ..
Complex block 292: 'u_AL4S3B_FPGA_IP.u_AL4S3B_FPGA_ONION_BREATHECTRL.g_ONION_BREATHE.next_ctr_dffc_Q_D_LUT4_O_I1_LUT3_O_I1_LUT3_O.t_frag' (PB-LOGIC) ...
Complex block 293: 'u_AL4S3B_FPGA_IP.u_AL4S3B_FPGA_ONION_BREATHECTRL.r_ONION_BREATHE.next_ctr_dffc_Q_D_LUT4_O_I1_LUT3_O_I2_LUT4_O_I2_LUT4_O.c_frag' (PB-LOGIC) .
Complex block 294: 'u_AL4S3B_FPGA_IP.u_AL4S3B_FPGA_ONION_BREATHECTRL.b_ONION_BREATHE.next_ctr_dffc_Q_D_LUT4_O_I1_LUT3_O_I0_LUT3_O.t_frag' (PB-LOGIC) ...
Complex block 295: 'u_AL4S3B_FPGA_IP.u_AL4S3B_FPGA_ONION_BREATHECTRL.b_ONION_BREATHE.next_ctr_dffc_Q_D_LUT4_O_I1_LUT3_O_I1_LUT3_O_I2_LUT2_O.t_frag' (PB-LOGIC) ...
Complex block 296: 'u_AL4S3B_FPGA_IP.u_AL4S3B_FPGA_ONION_BREATHECTRL.r_ONION_BREATHE.next_ctr_dffc_Q_D_LUT4_O_I1_LUT3_O_I2_LUT4_O_I3_LUT4_O.c_frag' (PB-LOGIC) .
Complex block 297: 'u_AL4S3B_FPGA_IP.u_AL4S3B_FPGA_ONION_BREATHECTRL.r_ONION_BREATHE.next_ctr_dffc_Q_D_LUT4_O_I1_LUT3_O_I0_LUT3_O.t_frag' (PB-LOGIC) ..
Complex block 298: 'u_AL4S3B_FPGA_IP.u_AL4S3B_FPGA_ONION_BREATHECTRL.r_ONION_BREATHE.next_ctr_dffc_Q_D_LUT4_O_I1_LUT3_O_I1_LUT3_O.t_frag' (PB-LOGIC) ..
Complex block 299: 'u_AL4S3B_FPGA_IP.u_AL4S3B_FPGA_ONION_BREATHECTRL.b_ONION_BREATHE.inhale_LUT3_I0_I1_LUT4_O_I0_LUT4_O_I3_LUT3_O.t_frag' (PB-LOGIC) ..
Complex block 300: 'u_AL4S3B_FPGA_IP.u_AL4S3B_FPGA_ONION_BREATHECTRL.g_ONION_BREATHE.inhale_LUT3_I0_I1_LUT4_O_I0_LUT4_O_I3_LUT3_O.t_frag' (PB-LOGIC) ..
Complex block 301: 'u_AL4S3B_FPGA_IP.u_AL4S3B_FPGA_ONION_BREATHECTRL.b_ONION_BREATHE.next_ctr_dffc_Q_5_D_LUT3_O_I1_LUT2_O.t_frag' (PB-LOGIC) ..
Complex block 302: 'u_AL4S3B_FPGA_IP.u_AL4S3B_FPGA_ONION_BREATHECTRL.r_ONION_BREATHE.next_ctr_dffc_Q_12_D_LUT3_O_I1_LUT2_O.t_frag' (PB-LOGIC) ..
Complex block 303: 'u_AL4S3B_FPGA_IP.u_AL4S3B_FPGA_ONION_BREATHECTRL.b_ONION_BREATHE.inhale_LUT3_I0_I1_LUT4_O_I0_LUT4_O_I1_LUT3_O.t_frag' (PB-LOGIC) ..
Complex block 304: 'u_AL4S3B_FPGA_IP.u_AL4S3B_FPGA_ONION_BREATHECTRL.g_ONION_BREATHE.inhale_LUT3_I0_I2_LUT3_O_I2_LUT2_O_I0_LUT3_O.t_frag' (PB-LOGIC) ..
Complex block 305: 'u_AL4S3B_FPGA_IP.u_AL4S3B_FPGA_ONION_BREATHECTRL.b_ONION_BREATHE.next_ctr_dffc_Q_9_D_LUT2_O_I0_LUT3_O.t_frag' (PB-LOGIC) ..
Complex block 306: 'u_AL4S3B_FPGA_IP.u_AL4S3B_FPGA_ONION_BREATHECTRL.g_ONION_BREATHE.next_ctr_dffc_Q_9_D_LUT2_O_I0_LUT3_O.t_frag' (PB-LOGIC) ..
Complex block 307: 'u_AL4S3B_FPGA_IP.u_AL4S3B_FPGA_ONION_BREATHECTRL.r_ONION_BREATHE.inhale_LUT3_I0_I2_LUT3_O_I2_LUT3_O.t_frag' (PB-LOGIC) ..
Complex block 308: 'u_AL4S3B_FPGA_IP.u_AL4S3B_FPGA_ONION_BREATHECTRL.b_ONION_BREATHE.duty_cycle_dffc_Q_2_D_LUT3_O_I1_LUT2_O_I0_LUT3_O.t_frag' (PB-LOGIC) ..
Complex block 309: 'u_AL4S3B_FPGA_IP.u_AL4S3B_FPGA_ONION_BREATHECTRL.g_ONION_BREATHE.duty_cycle_dffc_Q_2_D_LUT3_O_I1_LUT2_O_I0_LUT3_O.t_frag' (PB-LOGIC) ..
Complex block 310: 'u_AL4S3B_FPGA_IP.u_AL4S3B_FPGA_ONION_BREATHECTRL.WBs_ACK_o_nxt_LUT3_O.t_frag' (PB-LOGIC) ..
Complex block 311: 'u_AL4S3B_FPGA_IP.u_AL4S3B_FPGA_ONION_BREATHECTRL.WBs_WE_i_LUT2_I0_O_LUT3_I0.t_frag' (PB-LOGIC) ..
Complex block 312: 'u_AL4S3B_FPGA_IP.u_AL4S3B_FPGA_ONION_BREATHECTRL.WBs_WE_i_LUT2_I0_O_LUT2_I1.t_frag' (PB-LOGIC) ..
Complex block 313: 'u_AL4S3B_FPGA_IP.u_AL4S3B_FPGA_ONION_BREATHECTRL.g_ONION_BREATHE.inhale_LUT3_I0_I2_LUT3_O_I2_LUT2_O_I1_LUT3_O.t_frag' (PB-LOGIC) ..
Complex block 314: 'u_AL4S3B_FPGA_IP.u_AL4S3B_FPGA_ONION_BREATHECTRL.r_ONION_BREATHE.inhale_LUT3_I0_I1_LUT4_O_I3_LUT3_O.t_frag' (PB-LOGIC) ..
Complex block 315: 'u_AL4S3B_FPGA_IP.u_AL4S3B_FPGA_ONION_BREATHECTRL.r_ONION_BREATHE.next_ctr_dffc_Q_14_D_LUT3_O_I1_LUT2_O.t_frag' (PB-LOGIC) ..
Complex block 316: 'u_AL4S3B_FPGA_IP.u_AL4S3B_FPGA_ONION_BREATHECTRL.r_ONION_BREATHE.inhale_LUT3_I0_I1_LUT4_O_I0_LUT3_O.t_frag' (PB-LOGIC) ..
Complex block 317: 'u_AL4S3B_FPGA_IP.u_AL4S3B_FPGA_ONION_BREATHECTRL.r_ONION_BREATHE.duty_cycle_dffc_Q_2_D_LUT3_O_I1_LUT2_O_I0_LUT3_O.t_frag' (PB-LOGIC) ..
Complex block 318: 'u_AL4S3B_FPGA_IP.u_AL4S3B_FPGA_ONION_BREATHECTRL.g_ONION_BREATHE.next_ctr_dffc_Q_18_D_LUT3_O_I1_LUT2_O.t_frag' (PB-LOGIC) ..
Complex block 319: 'u_AL4S3B_FPGA_IP.u_AL4S3B_FPGA_ONION_BREATHECTRL.r_ONION_BREATHE.next_ctr_dffc_Q_17_D_LUT2_O_I0_LUT3_O.t_frag' (PB-LOGIC) ..
Complex block 320: 'u_AL4S3B_FPGA_IP.u_AL4S3B_FPGA_ONION_BREATHECTRL.b_ONION_BREATHE.inhale_LUT3_I0_I2_LUT3_O_I0_LUT3_O.t_frag' (PB-LOGIC) ..
Complex block 321: 'u_AL4S3B_FPGA_IP.u_AL4S3B_FPGA_ONION_BREATHECTRL.g_ONION_BREATHE.inhale_LUT3_I0_I2_LUT3_O_I0_LUT3_O_I2_LUT2_O.t_frag' (PB-LOGIC) ..
Complex block 322: 'u_AL4S3B_FPGA_IP.u_AL4S3B_FPGA_ONION_BREATHECTRL.r_ONION_BREATHE.inhale_LUT3_I0_I2_LUT3_O_I0_LUT3_O.t_frag' (PB-LOGIC) ..
Complex block 323: 'u_AL4S3B_FPGA_IP.u_AL4S3B_FPGA_ONION_BREATHECTRL.b_ONION_BREATHE.duty_ctr_dffc_Q_D_LUT3_O_I2_LUT3_O.t_frag' (PB-LOGIC) ..
Complex block 324: 'u_AL4S3B_FPGA_IP.u_AL4S3B_FPGA_ONION_BREATHECTRL.g_ONION_BREATHE.duty_ctr_dffc_Q_D_LUT3_O_I2_LUT3_O.t_frag' (PB-LOGIC) ..
Complex block 325: 'WBs_RD_DAT_LUT4_O.c_frag' (PB-LOGIC) .
Complex block 326: 'WBs_RD_DAT_LUT4_O_1.c_frag' (PB-LOGIC) .
Complex block 327: 'WBs_RD_DAT_LUT4_O_10.c_frag' (PB-LOGIC) .
Complex block 328: 'WBs_RD_DAT_LUT4_O_11.c_frag' (PB-LOGIC) .
Complex block 329: 'WBs_RD_DAT_LUT4_O_12.c_frag' (PB-LOGIC) .
Complex block 330: 'WBs_RD_DAT_LUT4_O_13.c_frag' (PB-LOGIC) .
Complex block 331: 'WBs_RD_DAT_LUT4_O_14.c_frag' (PB-LOGIC) .
Complex block 332: 'WBs_RD_DAT_LUT4_O_15.c_frag' (PB-LOGIC) .
Complex block 333: 'WBs_RD_DAT_LUT4_O_16.c_frag' (PB-LOGIC) .
Complex block 334: 'WBs_RD_DAT_LUT4_O_17.c_frag' (PB-LOGIC) .
Complex block 335: 'WBs_RD_DAT_LUT4_O_18.c_frag' (PB-LOGIC) .
Complex block 336: 'WBs_RD_DAT_LUT4_O_2.c_frag' (PB-LOGIC) .
Complex block 337: 'WBs_RD_DAT_LUT4_O_3.c_frag' (PB-LOGIC) .
Complex block 338: 'WBs_RD_DAT_LUT4_O_4.c_frag' (PB-LOGIC) .
Complex block 339: 'WBs_RD_DAT_LUT4_O_5.c_frag' (PB-LOGIC) .
Complex block 340: 'WBs_RD_DAT_LUT4_O_6.c_frag' (PB-LOGIC) .
Complex block 341: 'WBs_RD_DAT_LUT4_O_7.c_frag' (PB-LOGIC) .
Complex block 342: 'WBs_RD_DAT_LUT4_O_8.c_frag' (PB-LOGIC) .
Complex block 343: 'WBs_RD_DAT_LUT4_O_9.c_frag' (PB-LOGIC) .
Complex block 344: 'WBs_RD_DAT_LUT3_O_4_I0_LUT2_O.t_frag' (PB-LOGIC) ..
Complex block 345: 'WBs_RD_DAT_LUT4_O_I0_LUT2_O.t_frag' (PB-LOGIC) ..
Complex block 346: 'u_AL4S3B_FPGA_IP.WBs_DAT_o_ONION_BREATHECTRL_mux4x0_Q_25.t_frag' (PB-LOGIC) .
Complex block 347: 'u_gclkbuff_clock' (PB-GMUX) .
Complex block 348: 'u_gclkbuff_reset' (PB-GMUX) .
Complex block 349: '$false' (PB-SYN_GND) .
Complex block 350: '$true' (PB-SYN_VCC) .
	EMPTY: # blocks: 0, average # input + clock pins used: 0, average # output pins used: 0
	PB-SYN_GND: # blocks: 1, average # input + clock pins used: 0, average # output pins used: 1
	PB-BIDIR: # blocks: 32, average # input + clock pins used: 3, average # output pins used: 0
	PB-ASSP: # blocks: 1, average # input + clock pins used: 161, average # output pins used: 57
	PB-LOGIC: # blocks: 314, average # input + clock pins used: 18.586, average # output pins used: 2.21975
	PB-SDIOMUX: # blocks: 0, average # input + clock pins used: 0, average # output pins used: 0
	PB-MULT: # blocks: 0, average # input + clock pins used: 0, average # output pins used: 0
	PB-GMUX: # blocks: 2, average # input + clock pins used: 2, average # output pins used: 1
	PB-CLOCK: # blocks: 0, average # input + clock pins used: 0, average # output pins used: 0
	PB-RAM: # blocks: 0, average # input + clock pins used: 0, average # output pins used: 0
	PB-SYN_VCC: # blocks: 1, average # input + clock pins used: 0, average # output pins used: 1
Absorbed logical nets 287 out of 1045 nets, 758 nets not absorbed.
Incr Slack updates 1 in 0.00013914 sec
Full Max Req/Worst Slack updates 1 in 1.4674e-05 sec
Incr Max Req/Worst Slack updates 0 in 0 sec
Incr Criticality updates 0 in 0 sec
Full Criticality updates 1 in 0.000193903 sec
FPGA sized to 39 x 35 (ql-eos-s3)
Device Utilization: 0.26 (target 1.00)
	Block Utilization: 1.00 Type: PB-SYN_GND
	Block Utilization: 1.00 Type: PB-BIDIR
	Block Utilization: 1.00 Type: PB-ASSP
	Block Utilization: 0.35 Type: PB-LOGIC
	Block Utilization: 0.40 Type: PB-GMUX
	Block Utilization: 1.00 Type: PB-SYN_VCC


Netlist conversion complete.

# Packing took 0.25 seconds (max_rss 122.9 MiB, delta_rss +0.0 MiB)
# Load Packing
Begin loading packed FPGA netlist file.
Netlist generated from file 'AL4S3B_FPGA_Top.net'.
Detected 2 constant generators (to see names run with higher pack verbosity)
Finished loading packed FPGA netlist file (took 0.15689 seconds).
# Load Packing took 0.16 seconds (max_rss 122.9 MiB, delta_rss +0.0 MiB)
Warning 18: Netlist contains 0 global net to non-global architecture pin connections
Warning 19: Logic block #349 ($false) has only 1 output pin '$false.GND0_GND[0]'. It may be a constant generator.
Warning 20: Logic block #350 ($true) has only 1 output pin '$true.VCC0_VCC[0]'. It may be a constant generator.

Netlist num_nets: 758
Netlist num_blocks: 351
Netlist EMPTY blocks: 0.
Netlist PB-SYN_GND blocks: 1.
Netlist PB-BIDIR blocks: 32.
Netlist PB-ASSP blocks: 1.
Netlist PB-LOGIC blocks: 314.
Netlist PB-SDIOMUX blocks: 0.
Netlist PB-MULT blocks: 0.
Netlist PB-GMUX blocks: 2.
Netlist PB-CLOCK blocks: 0.
Netlist PB-RAM blocks: 0.
Netlist PB-SYN_VCC blocks: 1.
Netlist inputs pins: 0
Netlist output pins: 96


Pb types usage...
  PB-SYN_GND        : 1
   GND              : 1
  PB-BIDIR          : 32
   BIDIR            : 32
    INOUT           : 32
     bidir          : 32
     inpad          : 32
     outpad         : 32
  PB-ASSP           : 1
   ASSP             : 1
  PB-LOGIC          : 314
   LOGIC            : 314
    FRAGS           : 314
     c_frag_modes   : 314
      SINGLE        : 64
       c_frag       : 64
      SPLIT         : 250
       b_frag       : 250
       t_frag       : 249
     f_frag         : 129
     q_frag_modes   : 228
      INT           : 223
       q_frag       : 223
      EXT           : 5
       q_frag       : 5
  PB-GMUX           : 2
   GMUX             : 2
    IC              : 2
     gmux           : 2
  PB-SYN_VCC        : 1
   VCC              : 1

# Create Device
## Build Device Grid
FPGA sized to 39 x 35: 1365 grid tiles (ql-eos-s3)

Resource usage...
	Netlist
		1	blocks of type: PB-SYN_GND
	Architecture
		1	blocks of type: TL-SYN_GND
	Netlist
		32	blocks of type: PB-BIDIR
	Architecture
		32	blocks of type: TL-BIDIR
	Netlist
		1	blocks of type: PB-ASSP
	Architecture
		1	blocks of type: TL-ASSP
	Netlist
		314	blocks of type: PB-LOGIC
	Architecture
		891	blocks of type: TL-LOGIC
	Netlist
		0	blocks of type: PB-SDIOMUX
	Architecture
		14	blocks of type: TL-SDIOMUX
	Netlist
		0	blocks of type: PB-MULT
	Architecture
		2	blocks of type: TL-MULT
	Netlist
		2	blocks of type: PB-GMUX
	Architecture
		5	blocks of type: TL-GMUX
	Netlist
		0	blocks of type: PB-CLOCK
	Architecture
		5	blocks of type: TL-CLOCK
	Netlist
		0	blocks of type: PB-RAM
	Architecture
		4	blocks of type: TL-RAM
	Netlist
		1	blocks of type: PB-SYN_VCC
	Architecture
		1	blocks of type: TL-SYN_VCC

Device Utilization: 0.26 (target 1.00)
	Physical Tile TL-LOGIC:
	Block Utilization: 0.35 Logical Block: PB-LOGIC
	Physical Tile TL-RAM:
	Block Utilization: 0.00 Logical Block: PB-RAM
	Physical Tile TL-MULT:
	Block Utilization: 0.00 Logical Block: PB-MULT
	Physical Tile TL-BIDIR:
	Block Utilization: 1.00 Logical Block: PB-BIDIR
	Physical Tile TL-CLOCK:
	Block Utilization: 0.00 Logical Block: PB-CLOCK
	Physical Tile TL-SDIOMUX:
	Block Utilization: 0.00 Logical Block: PB-SDIOMUX
	Physical Tile TL-GMUX:
	Block Utilization: 0.40 Logical Block: PB-GMUX
	Physical Tile TL-ASSP:
	Block Utilization: 1.00 Logical Block: PB-ASSP
	Physical Tile TL-SYN_VCC:
	Block Utilization: 1.00 Logical Block: PB-SYN_VCC
	Physical Tile TL-SYN_GND:
	Block Utilization: 1.00 Logical Block: PB-SYN_GND

## Build Device Grid took 0.01 seconds (max_rss 122.9 MiB, delta_rss +0.0 MiB)
## Loading routing resource graph


## Loading routing resource graph took 0.58 seconds (max_rss 389.9 MiB, delta_rss +267.1 MiB)
  RR Graph Nodes: 1396446
  RR Graph Edges: 2337988
# Create Device took 1.29 seconds (max_rss 389.9 MiB, delta_rss +267.1 MiB)


Flow timing analysis took 0.00184599 seconds (0.00147936 STA, 0.000366635 slack) (1 full updates: 1 setup, 0 hold, 0 combined).
VPR succeeded
The entire flow of VPR took 2.57 seconds (max_rss 389.9 MiB)
